#
# There is insufficient memory for the Java Runtime Environment to continue.
# Native memory allocation (malloc) failed to allocate 32756 bytes for ChunkPool::allocate
# Possible reasons:
#   The system is out of physical RAM or swap space
#   In 32 bit mode, the process size limit was hit
# Possible solutions:
#   Reduce memory load on the system
#   Increase physical memory or swap space
#   Check if swap backing store is full
#   Use 64 bit Java on a 64 bit OS
#   Decrease Java heap size (-Xmx/-Xms)
#   Decrease number of Java threads
#   Decrease Java thread stack sizes (-Xss)
#   Set larger code cache with -XX:ReservedCodeCacheSize=
# This output file may be truncated or incomplete.
#
#  Out of Memory Error (allocation.cpp:273), pid=11056, tid=0x000015f8
#
# JRE version: Java(TM) SE Runtime Environment (8.0_131-b11) (build 1.8.0_131-b11)
# Java VM: Java HotSpot(TM) Client VM (25.131-b11 mixed mode windows-x86 )
# Failed to write core dump. 
#

---------------  T H R E A D  ---------------

Current thread (0x24d59400):  JavaThread "C1 CompilerThread0" daemon [_thread_in_native, id=5624, stack(0x25310000,0x25360000)]

Stack: [0x25310000,0x25360000],  sp=0x2535e530,  free space=313k
Native frames: (J=compiled Java code, j=interpreted, Vv=VM code, C=native code)
V  [jvm.dll+0x1aa78b]
V  [jvm.dll+0x1be8e1]
V  [jvm.dll+0x1c168d]
V  [jvm.dll+0x1c2ed8]
C  [msvcr100.dll+0x5c556]
C  [msvcr100.dll+0x5c600]
C  [kernel32.dll+0x1343d]
C  [ntdll.dll+0x39802]
C  [ntdll.dll+0x397d5]
C  0x00000000


Current CompileTask:
C1:  11671 1033   !         org.python.antlr.PythonParser::arglist (3000 bytes)


---------------  P R O C E S S  ---------------

Java Threads: ( => current thread )
  0x255c0800 JavaThread "AWT-Windows" daemon [_thread_in_native, id=9908, stack(0x25f30000,0x25f80000)]
  0x255bd800 JavaThread "Java2D Disposer" daemon [_thread_blocked, id=11292, stack(0x25dd0000,0x25e20000)]
  0x24d5e400 JavaThread "Service Thread" daemon [_thread_blocked, id=5264, stack(0x254f0000,0x25540000)]
=>0x24d59400 JavaThread "C1 CompilerThread0" daemon [_thread_in_native, id=5624, stack(0x25310000,0x25360000)]
  0x24d58800 JavaThread "Attach Listener" daemon [_thread_blocked, id=2408, stack(0x25420000,0x25470000)]
  0x24d60400 JavaThread "Signal Dispatcher" daemon [_thread_blocked, id=9172, stack(0x253c0000,0x25410000)]
  0x24d46c00 JavaThread "Finalizer" daemon [_thread_blocked, id=8776, stack(0x251f0000,0x25240000)]
  0x24d25800 JavaThread "Reference Handler" daemon [_thread_blocked, id=5692, stack(0x25120000,0x25170000)]
  0x021ccc00 JavaThread "main" [_thread_in_Java, id=12048, stack(0x02370000,0x023c0000)]

Other Threads:
  0x24d1ec00 VMThread [stack: 0x02310000,0x02360000] [id=6036]
  0x24d85000 WatcherThread [stack: 0x047b0000,0x04800000] [id=12404]

VM state:not at safepoint (normal execution)

VM Mutex/Monitor currently owned by a thread: None

Heap:
 def new generation   total 20992K, used 7051K [0x04800000, 0x05ec0000, 0x0f2a0000)
  eden space 18688K,  32% used [0x04800000, 0x04de32f0, 0x05a40000)
  from space 2304K,  44% used [0x05c80000, 0x05d7fc88, 0x05ec0000)
  to   space 2304K,   0% used [0x05a40000, 0x05a40000, 0x05c80000)
 tenured generation   total 46480K, used 29495K [0x0f2a0000, 0x12004000, 0x24800000)
   the space 46480K,  63% used [0x0f2a0000, 0x10f6de38, 0x10f6e000, 0x12004000)
 Metaspace       used 16164K, capacity 16368K, committed 16512K, reserved 17792K

Card table byte_map: [0x04690000,0x047a0000] byte_map_base: 0x0466c000

Polling page: 0x001a0000

CodeCache: size=32768Kb used=2539Kb max_used=2539Kb free=30228Kb
 bounds [0x02690000, 0x02910000, 0x04690000]
 total_blobs=1316 nmethods=1027 adapters=219
 compilation: enabled

Compilation events (10 events):
Event: 11.614 Thread 0x24d59400 nmethod 1028 0x02904108 code [0x02904200, 0x029042b0]
Event: 11.615 Thread 0x24d59400 1029             java.util.LinkedHashMap::linkNodeLast (33 bytes)
Event: 11.615 Thread 0x24d59400 nmethod 1029 0x02904308 code [0x02904400, 0x029044d0]
Event: 11.615 Thread 0x24d59400 1030             java.util.LinkedHashMap::afterNodeInsertion (40 bytes)
Event: 11.615 Thread 0x24d59400 nmethod 1030 0x02904588 code [0x029046a0, 0x029047d4]
Event: 11.635 Thread 0x24d59400 1031             org.python.antlr.PythonTree::getCharStartIndex (37 bytes)
Event: 11.635 Thread 0x24d59400 nmethod 1031 0x029048c8 code [0x029049c0, 0x02904a90]
Event: 11.636 Thread 0x24d59400 1032   !         org.python.antlr.PythonParser::argument (1047 bytes)
Event: 11.642 Thread 0x24d59400 nmethod 1032 0x02904b48 code [0x02905050, 0x0290695c]
Event: 11.650 Thread 0x24d59400 1033   !         org.python.antlr.PythonParser::arglist (3000 bytes)

GC Heap History (10 events):
Event: 8.515 GC heap before
{Heap before GC invocations=5 (full 0):
 def new generation   total 19648K, used 19647K [0x04800000, 0x05d50000, 0x0f2a0000)
  eden space 17472K, 100% used [0x04800000, 0x05910000, 0x05910000)
  from space 2176K,  99% used [0x05b30000, 0x05d4fff8, 0x05d50000)
  to   space 2176K,   0% used [0x05910000, 0x05910000, 0x05b30000)
 tenured generation   total 43712K, used 21211K [0x0f2a0000, 0x11d50000, 0x24800000)
   the space 43712K,  48% used [0x0f2a0000, 0x10756e78, 0x10757000, 0x11d50000)
 Metaspace       used 10623K, capacity 10791K, committed 10880K, reserved 11648K
Event: 8.563 GC heap after
Heap after GC invocations=6 (full 0):
 def new generation   total 19648K, used 2176K [0x04800000, 0x05d50000, 0x0f2a0000)
  eden space 17472K,   0% used [0x04800000, 0x04800000, 0x05910000)
  from space 2176K, 100% used [0x05910000, 0x05b30000, 0x05b30000)
  to   space 2176K,   0% used [0x05b30000, 0x05b30000, 0x05d50000)
 tenured generation   total 43712K, used 27619K [0x0f2a0000, 0x11d50000, 0x24800000)
   the space 43712K,  63% used [0x0f2a0000, 0x10d98d30, 0x10d98e00, 0x11d50000)
 Metaspace       used 10623K, capacity 10791K, committed 10880K, reserved 11648K
}
Event: 8.955 GC heap before
{Heap before GC invocations=6 (full 0):
 def new generation   total 19648K, used 9415K [0x04800000, 0x05d50000, 0x0f2a0000)
  eden space 17472K,  41% used [0x04800000, 0x04f11c98, 0x05910000)
  from space 2176K, 100% used [0x05910000, 0x05b30000, 0x05b30000)
  to   space 2176K,   0% used [0x05b30000, 0x05b30000, 0x05d50000)
 tenured generation   total 43712K, used 27619K [0x0f2a0000, 0x11d50000, 0x24800000)
   the space 43712K,  63% used [0x0f2a0000, 0x10d98d30, 0x10d98e00, 0x11d50000)
 Metaspace       used 12119K, capacity 12263K, committed 12288K, reserved 12672K
Event: 9.104 GC heap after
Heap after GC invocations=7 (full 1):
 def new generation   total 20992K, used 0K [0x04800000, 0x05ec0000, 0x0f2a0000)
  eden space 18688K,   0% used [0x04800000, 0x04800000, 0x05a40000)
  from space 2304K,   0% used [0x05a40000, 0x05a40000, 0x05c80000)
  to   space 2304K,   0% used [0x05c80000, 0x05c80000, 0x05ec0000)
 tenured generation   total 46480K, used 27886K [0x0f2a0000, 0x12004000, 0x24800000)
   the space 46480K,  59% used [0x0f2a0000, 0x10ddbb00, 0x10ddbc00, 0x12004000)
 Metaspace       used 12119K, capacity 12263K, committed 12288K, reserved 12672K
}
Event: 9.855 GC heap before
{Heap before GC invocations=7 (full 1):
 def new generation   total 20992K, used 18688K [0x04800000, 0x05ec0000, 0x0f2a0000)
  eden space 18688K, 100% used [0x04800000, 0x05a40000, 0x05a40000)
  from space 2304K,   0% used [0x05a40000, 0x05a40000, 0x05c80000)
  to   space 2304K,   0% used [0x05c80000, 0x05c80000, 0x05ec0000)
 tenured generation   total 46480K, used 27886K [0x0f2a0000, 0x12004000, 0x24800000)
   the space 46480K,  59% used [0x0f2a0000, 0x10ddbb00, 0x10ddbc00, 0x12004000)
 Metaspace       used 14296K, capacity 14473K, committed 14592K, reserved 14720K
Event: 9.865 GC heap after
Heap after GC invocations=8 (full 1):
 def new generation   total 20992K, used 2303K [0x04800000, 0x05ec0000, 0x0f2a0000)
  eden space 18688K,   0% used [0x04800000, 0x04800000, 0x05a40000)
  from space 2304K,  99% used [0x05c80000, 0x05ebfff8, 0x05ec0000)
  to   space 2304K,   0% used [0x05a40000, 0x05a40000, 0x05c80000)
 tenured generation   total 46480K, used 28334K [0x0f2a0000, 0x12004000, 0x24800000)
   the space 46480K,  60% used [0x0f2a0000, 0x10e4bbd8, 0x10e4bc00, 0x12004000)
 Metaspace       used 14296K, capacity 14473K, committed 14592K, reserved 14720K
}
Event: 11.035 GC heap before
{Heap before GC invocations=8 (full 1):
 def new generation   total 20992K, used 20991K [0x04800000, 0x05ec0000, 0x0f2a0000)
  eden space 18688K, 100% used [0x04800000, 0x05a40000, 0x05a40000)
  from space 2304K,  99% used [0x05c80000, 0x05ebfff8, 0x05ec0000)
  to   space 2304K,   0% used [0x05a40000, 0x05a40000, 0x05c80000)
 tenured generation   total 46480K, used 28334K [0x0f2a0000, 0x12004000, 0x24800000)
   the space 46480K,  60% used [0x0f2a0000, 0x10e4bbd8, 0x10e4bc00, 0x12004000)
 Metaspace       used 15558K, capacity 15726K, committed 15744K, reserved 16768K
Event: 11.046 GC heap after
Heap after GC invocations=9 (full 1):
 def new generation   total 20992K, used 1676K [0x04800000, 0x05ec0000, 0x0f2a0000)
  eden space 18688K,   0% used [0x04800000, 0x04800000, 0x05a40000)
  from space 2304K,  72% used [0x05a40000, 0x05be3198, 0x05c80000)
  to   space 2304K,   0% used [0x05c80000, 0x05c80000, 0x05ec0000)
 tenured generation   total 46480K, used 29069K [0x0f2a0000, 0x12004000, 0x24800000)
   the space 46480K,  62% used [0x0f2a0000, 0x10f034d8, 0x10f03600, 0x12004000)
 Metaspace       used 15558K, capacity 15726K, committed 15744K, reserved 16768K
}
Event: 11.591 GC heap before
{Heap before GC invocations=9 (full 1):
 def new generation   total 20992K, used 20364K [0x04800000, 0x05ec0000, 0x0f2a0000)
  eden space 18688K, 100% used [0x04800000, 0x05a40000, 0x05a40000)
  from space 2304K,  72% used [0x05a40000, 0x05be3198, 0x05c80000)
  to   space 2304K,   0% used [0x05c80000, 0x05c80000, 0x05ec0000)
 tenured generation   total 46480K, used 29069K [0x0f2a0000, 0x12004000, 0x24800000)
   the space 46480K,  62% used [0x0f2a0000, 0x10f034d8, 0x10f03600, 0x12004000)
 Metaspace       used 16156K, capacity 16360K, committed 16512K, reserved 17792K
Event: 11.601 GC heap after
Heap after GC invocations=10 (full 1):
 def new generation   total 20992K, used 1023K [0x04800000, 0x05ec0000, 0x0f2a0000)
  eden space 18688K,   0% used [0x04800000, 0x04800000, 0x05a40000)
  from space 2304K,  44% used [0x05c80000, 0x05d7fc88, 0x05ec0000)
  to   space 2304K,   0% used [0x05a40000, 0x05a40000, 0x05c80000)
 tenured generation   total 46480K, used 29495K [0x0f2a0000, 0x12004000, 0x24800000)
   the space 46480K,  63% used [0x0f2a0000, 0x10f6de38, 0x10f6e000, 0x12004000)
 Metaspace       used 16156K, capacity 16360K, committed 16512K, reserved 17792K
}

Deoptimization events (0 events):
No events

Internal exceptions (10 events):
Event: 11.359 Thread 0x021ccc00 Exception <a 'java/lang/UnsatisfiedLinkError': The specified procedure could not be found.
> (0x04bf28c8) thrown at [C:\re\workspace\8-2-build-windows-i586-cygwin\jdk8u131\8869\hotspot\src\share\vm\prims\jni.cpp, line 735]
Event: 11.360 Thread 0x021ccc00 Exception <a 'java/lang/UnsatisfiedLinkError': The specified procedure could not be found.
> (0x04bf2f70) thrown at [C:\re\workspace\8-2-build-windows-i586-cygwin\jdk8u131\8869\hotspot\src\share\vm\prims\jni.cpp, line 735]
Event: 11.363 Thread 0x021ccc00 Exception <a 'java/lang/ArrayIndexOutOfBoundsException'> (0x04c0b4b8) thrown at [C:\re\workspace\8-2-build-windows-i586-cygwin\jdk8u131\8869\hotspot\src\share\vm\runtime\sharedRuntime.cpp, line 605]
Event: 11.363 Thread 0x021ccc00 Exception <a 'java/lang/ArrayIndexOutOfBoundsException'> (0x04c0c300) thrown at [C:\re\workspace\8-2-build-windows-i586-cygwin\jdk8u131\8869\hotspot\src\share\vm\runtime\sharedRuntime.cpp, line 605]
Event: 11.372 Thread 0x021ccc00 Exception <a 'java/lang/ArrayIndexOutOfBoundsException'> (0x04c4f070) thrown at [C:\re\workspace\8-2-build-windows-i586-cygwin\jdk8u131\8869\hotspot\src\share\vm\runtime\sharedRuntime.cpp, line 605]
Event: 11.372 Thread 0x021ccc00 Exception <a 'java/lang/UnsatisfiedLinkError': The specified procedure could not be found.
> (0x04c4f8d8) thrown at [C:\re\workspace\8-2-build-windows-i586-cygwin\jdk8u131\8869\hotspot\src\share\vm\prims\jni.cpp, line 735]
Event: 11.372 Thread 0x021ccc00 Exception <a 'java/lang/UnsatisfiedLinkError': The specified procedure could not be found.
> (0x04c4ff80) thrown at [C:\re\workspace\8-2-build-windows-i586-cygwin\jdk8u131\8869\hotspot\src\share\vm\prims\jni.cpp, line 735]
Event: 11.426 Thread 0x021ccc00 Exception <a 'java/io/FileNotFoundException'> (0x04db6298) thrown at [C:\re\workspace\8-2-build-windows-i586-cygwin\jdk8u131\8869\hotspot\src\share\vm\prims\jni.cpp, line 709]
Event: 11.426 Thread 0x021ccc00 Exception <a 'java/io/FileNotFoundException'> (0x04db7ef8) thrown at [C:\re\workspace\8-2-build-windows-i586-cygwin\jdk8u131\8869\hotspot\src\share\vm\prims\jni.cpp, line 709]
Event: 11.428 Thread 0x021ccc00 Exception <a 'java/io/FileNotFoundException'> (0x04db9c00) thrown at [C:\re\workspace\8-2-build-windows-i586-cygwin\jdk8u131\8869\hotspot\src\share\vm\prims\jni.cpp, line 709]

Events (10 events):
Event: 11.604 Executing VM operation: RevokeBias
Event: 11.604 Executing VM operation: RevokeBias done
Event: 11.613 Executing VM operation: RevokeBias
Event: 11.613 Executing VM operation: RevokeBias done
Event: 11.613 Executing VM operation: RevokeBias
Event: 11.613 Executing VM operation: RevokeBias done
Event: 11.613 Executing VM operation: RevokeBias
Event: 11.613 Executing VM operation: RevokeBias done
Event: 11.646 Executing VM operation: RevokeBias
Event: 11.646 Executing VM operation: RevokeBias done


Dynamic libraries:
0x00ca0000 - 0x00cd3000 	C:\ProgramData\Oracle\Java\javapath\java.exe
0x77a70000 - 0x77bf0000 	C:\Windows\SysWOW64\ntdll.dll
0x76fd0000 - 0x770e0000 	C:\Windows\syswow64\kernel32.dll
0x770f0000 - 0x77137000 	C:\Windows\syswow64\KERNELBASE.dll
0x75270000 - 0x75311000 	C:\Windows\syswow64\ADVAPI32.dll
0x77140000 - 0x771ec000 	C:\Windows\syswow64\msvcrt.dll
0x75920000 - 0x75939000 	C:\Windows\SysWOW64\sechost.dll
0x76ab0000 - 0x76ba0000 	C:\Windows\syswow64\RPCRT4.dll
0x751e0000 - 0x75240000 	C:\Windows\syswow64\SspiCli.dll
0x751d0000 - 0x751dc000 	C:\Windows\syswow64\CRYPTBASE.dll
0x75c10000 - 0x75d10000 	C:\Windows\syswow64\USER32.dll
0x75d60000 - 0x75df0000 	C:\Windows\syswow64\GDI32.dll
0x76aa0000 - 0x76aaa000 	C:\Windows\syswow64\LPK.dll
0x756b0000 - 0x7574d000 	C:\Windows\syswow64\USP10.dll
0x72740000 - 0x728de000 	C:\Windows\WinSxS\x86_microsoft.windows.common-controls_6595b64144ccf1df_6.0.7601.18837_none_41e855142bd5705d\COMCTL32.dll
0x75370000 - 0x753c7000 	C:\Windows\syswow64\SHLWAPI.dll
0x75650000 - 0x756b0000 	C:\Windows\system32\IMM32.DLL
0x753e0000 - 0x754ad000 	C:\Windows\syswow64\MSCTF.dll
0x64e40000 - 0x64eff000 	C:\Program Files (x86)\Java\jre1.8.0_131\bin\msvcr100.dll
0x61aa0000 - 0x61e6e000 	C:\Program Files (x86)\Java\jre1.8.0_131\bin\client\jvm.dll
0x74130000 - 0x74137000 	C:\Windows\system32\WSOCK32.dll
0x75320000 - 0x75355000 	C:\Windows\syswow64\WS2_32.dll
0x76ba0000 - 0x76ba6000 	C:\Windows\syswow64\NSI.dll
0x721e0000 - 0x72212000 	C:\Windows\system32\WINMM.dll
0x74140000 - 0x74149000 	C:\Windows\system32\VERSION.dll
0x775f0000 - 0x775f5000 	C:\Windows\syswow64\PSAPI.DLL
0x6c730000 - 0x6c73c000 	C:\Program Files (x86)\Java\jre1.8.0_131\bin\verify.dll
0x66170000 - 0x66191000 	C:\Program Files (x86)\Java\jre1.8.0_131\bin\java.dll
0x67c20000 - 0x67c33000 	C:\Program Files (x86)\Java\jre1.8.0_131\bin\zip.dll
0x75e00000 - 0x76a4c000 	C:\Windows\syswow64\SHELL32.dll
0x75940000 - 0x75a9d000 	C:\Windows\syswow64\ole32.dll
0x753d0000 - 0x753db000 	C:\Windows\syswow64\profapi.dll
0x61770000 - 0x618b5000 	C:\Program Files (x86)\Java\jre1.8.0_131\bin\awt.dll
0x75750000 - 0x757e1000 	C:\Windows\syswow64\OLEAUT32.dll
0x5b910000 - 0x5b923000 	C:\Windows\system32\DWMAPI.DLL
0x616a0000 - 0x61768000 	C:\Windows\system32\opengl32.dll
0x659d0000 - 0x659f2000 	C:\Windows\system32\GLU32.dll
0x615b0000 - 0x61697000 	C:\Windows\system32\DDRAW.dll
0x67420000 - 0x67426000 	C:\Windows\system32\DCIMAN32.dll
0x754b0000 - 0x7564d000 	C:\Windows\syswow64\SETUPAPI.dll
0x76bb0000 - 0x76bd7000 	C:\Windows\syswow64\CFGMGR32.dll
0x75240000 - 0x75252000 	C:\Windows\syswow64\DEVOBJ.dll
0x73270000 - 0x73287000 	C:\Windows\system32\CRYPTSP.dll
0x73230000 - 0x7326b000 	C:\Windows\system32\rsaenh.dll
0x76a80000 - 0x76a97000 	C:\Windows\syswow64\USERENV.dll
0x67760000 - 0x67776000 	C:\Program Files (x86)\Java\jre1.8.0_131\bin\net.dll
0x72e90000 - 0x72ecc000 	C:\Windows\system32\mswsock.dll
0x71cc0000 - 0x71cc6000 	C:\Windows\System32\wship6.dll
0x72e10000 - 0x72e2c000 	C:\Windows\system32\IPHLPAPI.DLL
0x72e00000 - 0x72e07000 	C:\Windows\system32\WINNSI.DLL
0x71b40000 - 0x71b4d000 	C:\Windows\system32\dhcpcsvc6.DLL
0x71aa0000 - 0x71ab2000 	C:\Windows\system32\dhcpcsvc.DLL
0x67430000 - 0x6743f000 	C:\Program Files (x86)\Java\jre1.8.0_131\bin\nio.dll
0x67f70000 - 0x67f98000 	C:\Users\50000339\AppData\Local\Temp\6\BridJExtractedLibraries7320840503228292211\bridj.dll
0x6e4c0000 - 0x6e4db000 	C:\Users\50000339\AppData\Local\Temp\6\jffi7945447751314734652.dll

VM Arguments:
jvm_args: -Xms64M -Xmx512M -Dfile.encoding=UTF-8 -Dsikuli.FromCommandLine 
java_command: C:\Users\50000339\Documents\SikuliProjects\sikulix.jar -r SiebelSikuliAutomation.sikuli --args Business Component
java_class_path (initial): C:\Users\50000339\Documents\SikuliProjects\sikulix.jar
Launcher Type: SUN_STANDARD

Environment Variables:
PATH=C:\Users\50000339\AppData\Roaming\Sikulix\SikulixLibs_201803080837;C:\Users\50000339\Documents\SikuliProjects\libs;D:\Oracle12\product\12.1.0\client_1\bin;C:\Windows\system32;C:\ProgramData\Oracle\Java\javapath;C:\Windows;C:\Windows\System32\Wbem;C:\Windows\System32\WindowsPowerShell\v1.0\;C:\strawberry\c\bin;C:\strawberry\perl\site\bin;C:\strawberry\perl\bin;C:\Program Files (x86)\Java\jdk1.6.0_30\bin;C:\Users\50000339\AppData\Local\Programs\Python\Python37-32\Scripts\;C:\Users\50000339\AppData\Local\Programs\Python\Python37-32\;C:\Users\50000339\AppData\Local\Programs\Python\Python37-32\Scripts;C:\Program Files\Git\cmd;C:\Program Files\Git\mingw64\bin;C:\Program Files\Git\usr\bin;C:\Users\50000339\AppData\Local\Programs\Python\Python37-32\Scripts\;C:\Users\50000339\AppData\Local\Programs\Python\Python37-32\;C:\Users\50000339\AppData\Local\Programs\Python\Python37-32\Scripts
USERNAME=50000339
OS=Windows_NT
PROCESSOR_IDENTIFIER=Intel64 Family 6 Model 23 Stepping 6, GenuineIntel



---------------  S Y S T E M  ---------------

OS: Windows Server 2008 R2 , 64 bit Build 7601 (6.1.7601.24231)

CPU:total 2 (initial active 2) (1 cores per cpu, 1 threads per core) family 6 model 23 stepping 6, cmov, cx8, fxsr, mmx, sse, sse2, sse3, ssse3, sse4.1, tsc, tscinvbit

Memory: 4k page, physical 4193848k(166432k free), swap 16773496k(5132k free)

vm_info: Java HotSpot(TM) Client VM (25.131-b11) for windows-x86 JRE (1.8.0_131-b11), built on Mar 15 2017 01:26:29 by "java_re" with MS VC++ 10.0 (VS2010)

time: Thu Sep 27 06:09:49 2018
elapsed time: 11 seconds (0d 0h 0m 11s)

